Machine-level Assembler Version 6.3    Wed Nov 04 20:14:38 2020

  LOC    OBJ   SOURCE
hex*dec

0  *0    8003  c: ldc msg1
1  *1    FFF7  sout
2  *2    F000  ret
3  *3    0069  msg1: dw "in c"
4  *4    006E
5  *5    0020
6  *6    0063
7  *7    0000
               public c
8  *8    ========= end of c.mas ==================================


         Symbol/Cross-Reference Table

Symbol                   Address     References
                          (hex)       (hex)

 c                         0           8  
 msg1                      3           0  

Input file   = c.mas
Output file  = c.mob
List file    = c.lst 
Number base  = decimal
Label status = case sensitive
