Machine-level Assembler Version 6.3    Wed Sep 23 20:52:43 2020

  LOC    OBJ   SOURCE
hex*dec

0  *0    8014  ldc msg1
1  *1    FFF7  sout
2  *2    FFFC  din
3  *3    1077  st a
4  *4    FFFC  din
5  *5    1078  st b
6  *6    2077  add a
7  *7    1079  st sum
8  *8    802E  ldc msg2
9  *9    FFF7  sout
A  *10   0079  ld sum
B  *11   FFFD  dout
C  *12   0077  ld a
D  *13   3078  sub b
E  *14   107A  st dif
F  *15   8051  ldc msg3
10 *16   FFF7  sout
11 *17   007A  ld dif
12 *18   FFFD  dout
13 *19   FFFF  halt
14 *20   0049  msg1: dw "Input two decimal numbers"
15 *21   006E
16 *22   0070
17 *23   0075
18 *24   0074
19 *25   0020
1A *26   0074
1B *27   0077
1C *28   006F
1D *29   0020
1E *30   0064
1F *31   0065
20 *32   0063
21 *33   0069
22 *34   006D
23 *35   0061
24 *36   006C
25 *37   0020
26 *38   006E
27 *39   0075
28 *40   006D
29 *41   0062
2A *42   0065
2B *43   0072
2C *44   0073
2D *45   0000
2E *46   0054  msg2: dw "The addition of the two inputs is "
2F *47   0068
30 *48   0065
31 *49   0020
32 *50   0061
33 *51   0064
34 *52   0064
35 *53   0069
36 *54   0074
37 *55   0069
38 *56   006F
39 *57   006E
3A *58   0020
3B *59   006F
3C *60   0066
3D *61   0020
3E *62   0074
3F *63   0068
40 *64   0065
41 *65   0020
42 *66   0074
43 *67   0077
44 *68   006F
45 *69   0020
46 *70   0069
47 *71   006E
48 *72   0070
49 *73   0075
4A *74   0074
4B *75   0073
4C *76   0020
4D *77   0069
4E *78   0073
4F *79   0020
50 *80   0000
51 *81   0054  msg3: dw "The subtraction of the two inputs is "
52 *82   0068
53 *83   0065
54 *84   0020
55 *85   0073
56 *86   0075
57 *87   0062
58 *88   0074
59 *89   0072
5A *90   0061
5B *91   0063
5C *92   0074
5D *93   0069
5E *94   006F
5F *95   006E
60 *96   0020
61 *97   006F
62 *98   0066
63 *99   0020
64 *100  0074
65 *101  0068
66 *102  0065
67 *103  0020
68 *104  0074
69 *105  0077
6A *106  006F
6B *107  0020
6C *108  0069
6D *109  006E
6E *110  0070
6F *111  0075
70 *112  0074
71 *113  0073
72 *114  0020
73 *115  0069
74 *116  0073
75 *117  0020
76 *118  0000
77 *119  0000  a: dw 0
78 *120  0000  b: dw 0
79 *121  0000  sum: dw 0
7A *122  0000  dif: dw 0
7B *123  ========= end of lab5adder.mas ==========================


         Symbol/Cross-Reference Table

Symbol                   Address     References
                          (hex)       (hex)

 msg1                      14          0  
 msg2                      2E          8  
 msg3                      51          F  
 a                         77          3   6   C  
 b                         78          5   D  
 sum                       79          7   A  
 dif                       7A          E   11 

Input file   = lab5adder.mas
Output file  = lab5adder.mac
List file    = lab5adder.lst 
Number base  = decimal
Label status = case sensitive
