Machine-level Assembler Version 6.3    Wed Nov 04 19:56:57 2020

  LOC    OBJ   SOURCE
hex*dec

0  *0    0000  sub: ld x
1  *1    2005  add y
2  *2    3000  sub Y
3  *3    1000  st x
4  *4    F000  ret
5  *5    0022  y: dw 34
6  *6    0000  total: dw 0
               public sub
               public total
               public y
               extern x
               extern Y
7  *7    ========= end of sub.mas ================================


         Symbol/Cross-Reference Table

Symbol                   Address     References
                          (hex)       (hex)

 sub                       0           7  
 y                         5           7   1  
 total                     6           7  
 x                         ext         7   0   3  
 Y                         ext         7   2  

Input file   = sub.mas
Output file  = sub.mob
List file    = sub.lst 
Number base  = decimal
Label status = case sensitive
